<?xml version="1.0" encoding="UTF-8"?>
<beans xmlns="http://www.springframework.org/schema/beans"
	xmlns:xsi="http://www.w3.org/2001/XMLSchema-instance" xmlns:context="http://www.springframework.org/schema/context"
	xmlns:tx="http://www.springframework.org/schema/tx" xmlns:jdbc="http://www.springframework.org/schema/jdbc"
	xmlns:p="http://www.springframework.org/schema/p" xmlns:aop="http://www.springframework.org/schema/aop"
	xsi:schemaLocation="http://www.springframework.org/schema/beans
    http://www.springframework.org/schema/beans/spring-beans-3.0.xsd
    http://www.springframework.org/schema/context
    http://www.springframework.org/schema/context/spring-context-3.0.xsd
    http://www.springframework.org/schema/tx
    http://www.springframework.org/schema/tx/spring-tx-3.0.xsd
    http://www.springframework.org/schema/jdbc
 	http://www.springframework.org/schema/jdbc/spring-jdbc-3.0.xsd
 	http://www.springframework.org/schema/aop http://www.springframework.org/schema/aop/spring-aop-3.0.xsd">

	<bean id="propertyConfigurer"
		class="org.springframework.beans.factory.config.PropertyPlaceholderConfigurer">
		<!-- 设置中央配置提供者 -->
		<property name="locations">
			<list>
				<value>classpath:test-wjs-common-search.properties</value>
			</list>
		</property>
	</bean>


 
	<!-- 搜索引擎-->
	<bean id="searchEngine" class="com.wjs.common.search.impl.SearchEngineSolrImpl">
		<property name="zkHost" value="${system.zookeeper.address}" />
		<property name="searchCore" value="${search.solr.core.name}" />
		<property name="appEnv" value="${system.appenv.name}" />
		<property name="timeOut" value="${search.solr.timeout}" />
		<property name="cfgPath" value="${search.solr.configpath}" />
		<property name="numShards" value="${search.solr.numshards}" />
	</bean>
 
 	

</beans>